[LOG] System::create                           : Header version = 2.01.09. Current version = 2.01.09.
[LOG] Manager::init                            : maxchannels = 256 studioflags = 00000006 flags 00000000 extradriverdata 0000000000000000.
[LOG] SystemI::init                            : Initialize version=20109 (115889), maxchannels=256, flags=0x00020000
[LOG] SystemI::setOutputInternal               : Setting output to 'FMOD WASAPI Output'
[LOG] OutputWASAPI::init                       : Mix Format (WAVEFORMATEX): wFormatTag=0xFFFE, nChannels=2, nSamplesPerSec=48000, nAvgBytesPerSec=384000, nBlockAlign=8, wBitsPerSample=32, cbSize=22.
[LOG] OutputWASAPI::init                       : Mix Format (WAVEFORMATEXTENSIBLE): wValidBitsPerSample=32, dwChannelMask=0x00000003, SubFormat=00000003-0000-0010-8000-00AA00389B71.
[LOG] OutputWASAPI::init                       : Output buffer size: 4096 samples, latency: 0.00ms, period: 10.00ms, DSP buffer: 1024 * 4
[LOG] Thread::initThread                       : Init FMOD stream thread. Affinity: 0x8000000000000003, Priority: 0xFFFF7FFB, Stack Size: 98304, Semaphore: No, Sleep Time: 10, Looping: Yes.
[LOG] Thread::initThread                       : Init FMOD mixer thread. Affinity: 0x8000000000000001, Priority: 0xFFFF7FFA, Stack Size: 81920, Semaphore: No, Sleep Time: 0, Looping: Yes.
[LOG] AsyncManager::init                       : manager 000001CE5F42B048 isAsync 0 updatePeriod 0.02
[LOG] AsyncManager::init                       : done
[LOG] PlaybackSystem::init                     : 
[LOG] Thread::initThread                       : Init FMOD Studio sample load thread. Affinity: 0x8000000000000003, Priority: 0xFFFF7FFD, Stack Size: 98304, Semaphore: No, Sleep Time: 1, Looping: No.
[LOG] PlaybackSystem::init                     : done
[LOG] Thread::initThread                       : Init FMOD Studio bank load thread. Affinity: 0x8000000000000003, Priority: 0xFFFF7FFD, Stack Size: 98304, Semaphore: No, Sleep Time: 1, Looping: No.
[LOG] Manager::init                            : done.
[LOG] Manager::readBank                        : fileversion = 135, compatVersion = 132 (oldest = 44, newest = 135)
[LOG] Manager::readBank                        : fileversion = 135, compatVersion = 132 (oldest = 44, newest = 135)
[LOG] SystemI::createSoundInternal             : Create name='', mode=0x02000202
[LOG] SystemI::createSoundInternal             : exinfo->cbsize             = 224
[LOG] SystemI::createSoundInternal             : exinfo->length             = 3311200
[LOG] SystemI::createSoundInternal             : exinfo->fileoffset         = 27360
[LOG] SystemI::createSoundInternal             : exinfo->numsubsounds       = 1
[LOG] SystemI::createSoundInternal             : exinfo->inclusionlist      = 000000AADB91F138
[LOG] SystemI::createSoundInternal             : exinfo->inclusionlistnum   = 1
[LOG] SystemI::createSoundInternal             : exinfo->suggestedsoundtype = 5
[LOG] SystemI::createSoundInternal             : exinfo->useropen           = 00007FFB65F17D70
[LOG] SystemI::createSoundInternal             : exinfo->userclose          = 00007FFB65F17D40
[LOG] SystemI::createSoundInternal             : exinfo->userread           = 00007FFB65F17E40
[LOG] SystemI::createSoundInternal             : exinfo->userseek           = 00007FFB65F17F00
[LOG] SystemI::createSoundInternal             : exinfo->fileuserdata       = 000001CE3CCDAD18
[LOG] SystemI::createSoundInternal             : exinfo->initialseekpostype = 1
[LOG] SystemI::DSPCodecPoolRegister            : register codec pool for pool type 5
[LOG] SystemI::createSoundInternal             : Sample 0/1: name='Footsteps3', format=5, channels=2, frequency=48000, lengthbytes=5536, lengthpcm=111695, pcmblocksize=0, loopstart=0, loopend=0, mode=0x00000000, channelmask=0x00000000, channelorder=0, peakvolume=0.999969.
[LOG] SystemI::createSoundInternal             : Create name='', mode=0x02000202
[LOG] SystemI::createSoundInternal             : exinfo->cbsize             = 224
[LOG] SystemI::createSoundInternal             : exinfo->length             = 3311200
[LOG] SystemI::createSoundInternal             : exinfo->fileoffset         = 27360
[LOG] SystemI::createSoundInternal             : exinfo->numsubsounds       = 1
[LOG] SystemI::createSoundInternal             : exinfo->inclusionlist      = 000000AADB91F138
[LOG] SystemI::createSoundInternal             : exinfo->inclusionlistnum   = 1
[LOG] SystemI::createSoundInternal             : exinfo->suggestedsoundtype = 5
[LOG] SystemI::createSoundInternal             : exinfo->useropen           = 00007FFB65F17D70
[LOG] SystemI::createSoundInternal             : exinfo->userclose          = 00007FFB65F17D40
[LOG] SystemI::createSoundInternal             : exinfo->userread           = 00007FFB65F17E40
[LOG] SystemI::createSoundInternal             : exinfo->userseek           = 00007FFB65F17F00
[LOG] SystemI::createSoundInternal             : exinfo->fileuserdata       = 000001CE3CCDAD18
[LOG] SystemI::createSoundInternal             : exinfo->initialseekpostype = 1
[LOG] SystemI::DSPCodecPoolRegister            : register codec pool for pool type 5
[LOG] SystemI::createSoundInternal             : Sample 0/1: name='Footsteps1', format=5, channels=2, frequency=48000, lengthbytes=5408, lengthpcm=111695, pcmblocksize=0, loopstart=0, loopend=0, mode=0x00000000, channelmask=0x00000000, channelorder=0, peakvolume=0.999969.
[LOG] SystemI::createSoundInternal             : Create name='', mode=0x02000202
[LOG] SystemI::createSoundInternal             : exinfo->cbsize             = 224
[LOG] SystemI::createSoundInternal             : exinfo->length             = 3311200
[LOG] SystemI::createSoundInternal             : exinfo->fileoffset         = 27360
[LOG] SystemI::createSoundInternal             : exinfo->numsubsounds       = 1
[LOG] SystemI::createSoundInternal             : exinfo->inclusionlist      = 000000AADB91F138
[LOG] SystemI::createSoundInternal             : exinfo->inclusionlistnum   = 1
[LOG] SystemI::createSoundInternal             : exinfo->suggestedsoundtype = 5
[LOG] SystemI::createSoundInternal             : exinfo->useropen           = 00007FFB65F17D70
[LOG] SystemI::createSoundInternal             : exinfo->userclose          = 00007FFB65F17D40
[LOG] SystemI::createSoundInternal             : exinfo->userread           = 00007FFB65F17E40
[LOG] SystemI::createSoundInternal             : exinfo->userseek           = 00007FFB65F17F00
[LOG] SystemI::createSoundInternal             : exinfo->fileuserdata       = 000001CE3CCDAD18
[LOG] SystemI::createSoundInternal             : exinfo->initialseekpostype = 1
[LOG] SystemI::DSPCodecPoolRegister            : register codec pool for pool type 5
[LOG] SystemI::createSoundInternal             : Sample 0/1: name='Footsteps6', format=5, channels=2, frequency=48000, lengthbytes=5120, lengthpcm=111695, pcmblocksize=0, loopstart=0, loopend=0, mode=0x00000000, channelmask=0x00000000, channelorder=0, peakvolume=0.999969.
[LOG] SystemI::createSoundInternal             : Create name='', mode=0x02000202
[LOG] SystemI::createSoundInternal             : exinfo->cbsize             = 224
[LOG] SystemI::createSoundInternal             : exinfo->length             = 3311200
[LOG] SystemI::createSoundInternal             : exinfo->fileoffset         = 27360
[LOG] SystemI::createSoundInternal             : exinfo->numsubsounds       = 1
[LOG] SystemI::createSoundInternal             : exinfo->inclusionlist      = 000000AADB91F138
[LOG] SystemI::createSoundInternal             : exinfo->inclusionlistnum   = 1
[LOG] SystemI::createSoundInternal             : exinfo->suggestedsoundtype = 5
[LOG] SystemI::createSoundInternal             : exinfo->useropen           = 00007FFB65F17D70
[LOG] SystemI::createSoundInternal             : exinfo->userclose          = 00007FFB65F17D40
[LOG] SystemI::createSoundInternal             : exinfo->userread           = 00007FFB65F17E40
[LOG] SystemI::createSoundInternal             : exinfo->userseek           = 00007FFB65F17F00
[LOG] SystemI::createSoundInternal             : exinfo->fileuserdata       = 000001CE3CCDAD18
[LOG] SystemI::createSoundInternal             : exinfo->initialseekpostype = 1
[LOG] SystemI::DSPCodecPoolRegister            : register codec pool for pool type 5
[LOG] SystemI::createSoundInternal             : Sample 0/1: name='Footsteps9', format=5, channels=2, frequency=48000, lengthbytes=6144, lengthpcm=113903, pcmblocksize=0, loopstart=0, loopend=0, mode=0x00000000, channelmask=0x00000000, channelorder=0, peakvolume=0.999969.
[LOG] SystemI::createSoundInternal             : Create name='', mode=0x02000202
[LOG] SystemI::createSoundInternal             : exinfo->cbsize             = 224
[LOG] SystemI::createSoundInternal             : exinfo->length             = 3311200
[LOG] SystemI::createSoundInternal             : exinfo->fileoffset         = 27360
[LOG] SystemI::createSoundInternal             : exinfo->numsubsounds       = 1
[LOG] SystemI::createSoundInternal             : exinfo->inclusionlist      = 000000AADB91F138
[LOG] SystemI::createSoundInternal             : exinfo->inclusionlistnum   = 1
[LOG] SystemI::createSoundInternal             : exinfo->suggestedsoundtype = 5
[LOG] SystemI::createSoundInternal             : exinfo->useropen           = 00007FFB65F17D70
[LOG] SystemI::createSoundInternal             : exinfo->userclose          = 00007FFB65F17D40
[LOG] SystemI::createSoundInternal             : exinfo->userread           = 00007FFB65F17E40
[LOG] SystemI::createSoundInternal             : exinfo->userseek           = 00007FFB65F17F00
[LOG] SystemI::createSoundInternal             : exinfo->fileuserdata       = 000001CE3CCDAD18
[LOG] SystemI::createSoundInternal             : exinfo->initialseekpostype = 1
[LOG] SystemI::DSPCodecPoolRegister            : register codec pool for pool type 5
[LOG] SystemI::createSoundInternal             : Sample 0/1: name='Footsteps5', format=5, channels=2, frequency=48000, lengthbytes=4320, lengthpcm=109440, pcmblocksize=0, loopstart=0, loopend=0, mode=0x00000000, channelmask=0x00000000, channelorder=0, peakvolume=0.999969.
[LOG] SystemI::createSoundInternal             : Create name='', mode=0x02000202
[LOG] SystemI::createSoundInternal             : exinfo->cbsize             = 224
[LOG] SystemI::createSoundInternal             : exinfo->length             = 3311200
[LOG] SystemI::createSoundInternal             : exinfo->fileoffset         = 27360
[LOG] SystemI::createSoundInternal             : exinfo->numsubsounds       = 1
[LOG] SystemI::createSoundInternal             : exinfo->inclusionlist      = 000000AADB91F138
[LOG] SystemI::createSoundInternal             : exinfo->inclusionlistnum   = 1
[LOG] SystemI::createSoundInternal             : exinfo->suggestedsoundtype = 5
[LOG] SystemI::createSoundInternal             : exinfo->useropen           = 00007FFB65F17D70
[LOG] SystemI::createSoundInternal             : exinfo->userclose          = 00007FFB65F17D40
[LOG] SystemI::createSoundInternal             : exinfo->userread           = 00007FFB65F17E40
[LOG] SystemI::createSoundInternal             : exinfo->userseek           = 00007FFB65F17F00
[LOG] SystemI::createSoundInternal             : exinfo->fileuserdata       = 000001CE3CCDAD18
[LOG] SystemI::createSoundInternal             : exinfo->initialseekpostype = 1
[LOG] SystemI::DSPCodecPoolRegister            : register codec pool for pool type 5
[LOG] SystemI::createSoundInternal             : Sample 0/1: name='Footsteps7', format=5, channels=2, frequency=48000, lengthbytes=4576, lengthpcm=109440, pcmblocksize=0, loopstart=0, loopend=0, mode=0x00000000, channelmask=0x00000000, channelorder=0, peakvolume=0.999969.
[LOG] SystemI::createSoundInternal             : Create name='', mode=0x02000202
[LOG] SystemI::createSoundInternal             : exinfo->cbsize             = 224
[LOG] SystemI::createSoundInternal             : exinfo->length             = 3311200
[LOG] SystemI::createSoundInternal             : exinfo->fileoffset         = 27360
[LOG] SystemI::createSoundInternal             : exinfo->numsubsounds       = 1
[LOG] SystemI::createSoundInternal             : exinfo->inclusionlist      = 000000AADB91F138
[LOG] SystemI::createSoundInternal             : exinfo->inclusionlistnum   = 1
[LOG] SystemI::createSoundInternal             : exinfo->suggestedsoundtype = 5
[LOG] SystemI::createSoundInternal             : exinfo->useropen           = 00007FFB65F17D70
[LOG] SystemI::createSoundInternal             : exinfo->userclose          = 00007FFB65F17D40
[LOG] SystemI::createSoundInternal             : exinfo->userread           = 00007FFB65F17E40
[LOG] SystemI::createSoundInternal             : exinfo->userseek           = 00007FFB65F17F00
[LOG] SystemI::createSoundInternal             : exinfo->fileuserdata       = 000001CE3CCDAD18
[LOG] SystemI::createSoundInternal             : exinfo->initialseekpostype = 1
[LOG] SystemI::DSPCodecPoolRegister            : register codec pool for pool type 5
[LOG] SystemI::createSoundInternal             : Sample 0/1: name='Footsteps8', format=5, channels=2, frequency=48000, lengthbytes=5216, lengthpcm=111695, pcmblocksize=0, loopstart=0, loopend=0, mode=0x00000000, channelmask=0x00000000, channelorder=0, peakvolume=0.999969.
[LOG] SystemI::createSoundInternal             : Create name='', mode=0x02000202
[LOG] SystemI::createSoundInternal             : exinfo->cbsize             = 224
[LOG] SystemI::createSoundInternal             : exinfo->length             = 3311200
[LOG] SystemI::createSoundInternal             : exinfo->fileoffset         = 27360
[LOG] SystemI::createSoundInternal             : exinfo->numsubsounds       = 1
[LOG] SystemI::createSoundInternal             : exinfo->inclusionlist      = 000000AADB91F138
[LOG] SystemI::createSoundInternal             : exinfo->inclusionlistnum   = 1
[LOG] SystemI::createSoundInternal             : exinfo->suggestedsoundtype = 5
[LOG] SystemI::createSoundInternal             : exinfo->useropen           = 00007FFB65F17D70
[LOG] SystemI::createSoundInternal             : exinfo->userclose          = 00007FFB65F17D40
[LOG] SystemI::createSoundInternal             : exinfo->userread           = 00007FFB65F17E40
[LOG] SystemI::createSoundInternal             : exinfo->userseek           = 00007FFB65F17F00
[LOG] SystemI::createSoundInternal             : exinfo->fileuserdata       = 000001CE3CCDAD18
[LOG] SystemI::createSoundInternal             : exinfo->initialseekpostype = 1
[LOG] SystemI::DSPCodecPoolRegister            : register codec pool for pool type 5
[LOG] SystemI::createSoundInternal             : Sample 0/1: name='Footsteps4', format=5, channels=2, frequency=48000, lengthbytes=4928, lengthpcm=111695, pcmblocksize=0, loopstart=0, loopend=0, mode=0x00000000, channelmask=0x00000000, channelorder=0, peakvolume=0.999969.
[LOG] SystemI::createSoundInternal             : Create name='', mode=0x02000202
[LOG] SystemI::createSoundInternal             : exinfo->cbsize             = 224
[LOG] SystemI::createSoundInternal             : exinfo->length             = 3311200
[LOG] SystemI::createSoundInternal             : exinfo->fileoffset         = 27360
[LOG] SystemI::createSoundInternal             : exinfo->numsubsounds       = 1
[LOG] SystemI::createSoundInternal             : exinfo->inclusionlist      = 000000AADB91F138
[LOG] SystemI::createSoundInternal             : exinfo->inclusionlistnum   = 1
[LOG] SystemI::createSoundInternal             : exinfo->suggestedsoundtype = 5
[LOG] SystemI::createSoundInternal             : exinfo->useropen           = 00007FFB65F17D70
[LOG] SystemI::createSoundInternal             : exinfo->userclose          = 00007FFB65F17D40
[LOG] SystemI::createSoundInternal             : exinfo->userread           = 00007FFB65F17E40
[LOG] SystemI::createSoundInternal             : exinfo->userseek           = 00007FFB65F17F00
[LOG] SystemI::createSoundInternal             : exinfo->fileuserdata       = 000001CE3CCDAD18
[LOG] SystemI::createSoundInternal             : exinfo->initialseekpostype = 1
[LOG] SystemI::DSPCodecPoolRegister            : register codec pool for pool type 5
[LOG] SystemI::createSoundInternal             : Sample 0/1: name='Footsteps', format=5, channels=2, frequency=48000, lengthbytes=5312, lengthpcm=113903, pcmblocksize=0, loopstart=0, loopend=0, mode=0x00000000, channelmask=0x00000000, channelorder=0, peakvolume=0.999969.
[LOG] SystemI::createSoundInternal             : Create name='', mode=0x02000202
[LOG] SystemI::createSoundInternal             : exinfo->cbsize             = 224
[LOG] SystemI::createSoundInternal             : exinfo->length             = 3311200
[LOG] SystemI::createSoundInternal             : exinfo->fileoffset         = 27360
[LOG] SystemI::createSoundInternal             : exinfo->numsubsounds       = 1
[LOG] SystemI::createSoundInternal             : exinfo->inclusionlist      = 000000AADB91F138
[LOG] SystemI::createSoundInternal             : exinfo->inclusionlistnum   = 1
[LOG] SystemI::createSoundInternal             : exinfo->suggestedsoundtype = 5
[LOG] SystemI::createSoundInternal             : exinfo->useropen           = 00007FFB65F17D70
[LOG] SystemI::createSoundInternal             : exinfo->userclose          = 00007FFB65F17D40
[LOG] SystemI::createSoundInternal             : exinfo->userread           = 00007FFB65F17E40
[LOG] SystemI::createSoundInternal             : exinfo->userseek           = 00007FFB65F17F00
[LOG] SystemI::createSoundInternal             : exinfo->fileuserdata       = 000001CE3CCDAD18
[LOG] SystemI::createSoundInternal             : exinfo->initialseekpostype = 1
[LOG] SystemI::DSPCodecPoolRegister            : register codec pool for pool type 5
[LOG] SystemI::createSoundInternal             : Sample 0/1: name='Footsteps2', format=5, channels=2, frequency=48000, lengthbytes=5536, lengthpcm=111695, pcmblocksize=0, loopstart=0, loopend=0, mode=0x00000000, channelmask=0x00000000, channelorder=0, peakvolume=0.999969.
[LOG] SystemI::createSoundInternal             : Create name='', mode=0x02000202
[LOG] SystemI::createSoundInternal             : exinfo->cbsize             = 224
[LOG] SystemI::createSoundInternal             : exinfo->length             = 3311200
[LOG] SystemI::createSoundInternal             : exinfo->fileoffset         = 27360
[LOG] SystemI::createSoundInternal             : exinfo->numsubsounds       = 1
[LOG] SystemI::createSoundInternal             : exinfo->inclusionlist      = 000000AADB91F138
[LOG] SystemI::createSoundInternal             : exinfo->inclusionlistnum   = 1
[LOG] SystemI::createSoundInternal             : exinfo->suggestedsoundtype = 5
[LOG] SystemI::createSoundInternal             : exinfo->useropen           = 00007FFB65F17D70
[LOG] SystemI::createSoundInternal             : exinfo->userclose          = 00007FFB65F17D40
[LOG] SystemI::createSoundInternal             : exinfo->userread           = 00007FFB65F17E40
[LOG] SystemI::createSoundInternal             : exinfo->userseek           = 00007FFB65F17F00
[LOG] SystemI::createSoundInternal             : exinfo->fileuserdata       = 000001CE3CCDA4D8
[LOG] SystemI::createSoundInternal             : exinfo->initialseekpostype = 1
[LOG] SystemI::DSPCodecPoolRegister            : register codec pool for pool type 5
[LOG] SystemI::createSoundInternal             : Sample 0/1: name='Ejector_1p_single', format=5, channels=2, frequency=48000, lengthbytes=7328, lengthpcm=25885, pcmblocksize=0, loopstart=0, loopend=0, mode=0x00000000, channelmask=0x00000000, channelorder=0, peakvolume=0.872070.
[LOG] SystemI::createSoundInternal             : Create name='', mode=0x02000202
[LOG] SystemI::createSoundInternal             : exinfo->cbsize             = 224
[LOG] SystemI::createSoundInternal             : exinfo->length             = 3311200
[LOG] SystemI::createSoundInternal             : exinfo->fileoffset         = 27360
[LOG] SystemI::createSoundInternal             : exinfo->numsubsounds       = 1
[LOG] SystemI::createSoundInternal             : exinfo->inclusionlist      = 000000AADB91F138
[LOG] SystemI::createSoundInternal             : exinfo->inclusionlistnum   = 1
[LOG] SystemI::createSoundInternal             : exinfo->suggestedsoundtype = 5
[LOG] SystemI::createSoundInternal             : exinfo->useropen           = 00007FFB65F17D70
[LOG] SystemI::createSoundInternal             : exinfo->userclose          = 00007FFB65F17D40
[LOG] SystemI::createSoundInternal             : exinfo->userread           = 00007FFB65F17E40
[LOG] SystemI::createSoundInternal             : exinfo->userseek           = 00007FFB65F17F00
[LOG] SystemI::createSoundInternal             : exinfo->fileuserdata       = 000001CE3CCDA4D8
[LOG] SystemI::createSoundInternal             : exinfo->initialseekpostype = 1
[LOG] SystemI::DSPCodecPoolRegister            : register codec pool for pool type 5
[LOG] SystemI::createSoundInternal             : Sample 0/1: name='JackHammer_1p_01', format=5, channels=2, frequency=48000, lengthbytes=18432, lengthpcm=65943, pcmblocksize=0, loopstart=0, loopend=0, mode=0x00000000, channelmask=0x00000000, channelorder=0, peakvolume=0.971130.
[LOG] SystemI::createSoundInternal             : Create name='', mode=0x02000202
[LOG] SystemI::createSoundInternal             : exinfo->cbsize             = 224
[LOG] SystemI::createSoundInternal             : exinfo->length             = 3311200
[LOG] SystemI::createSoundInternal             : exinfo->fileoffset         = 27360
[LOG] SystemI::createSoundInternal             : exinfo->numsubsounds       = 1
[LOG] SystemI::createSoundInternal             : exinfo->inclusionlist      = 000000AADB91F138
[LOG] SystemI::createSoundInternal             : exinfo->inclusionlistnum   = 1
[LOG] SystemI::createSoundInternal             : exinfo->suggestedsoundtype = 5
[LOG] SystemI::createSoundInternal             : exinfo->useropen           = 00007FFB65F17D70
[LOG] SystemI::createSoundInternal             : exinfo->userclose          = 00007FFB65F17D40
[LOG] SystemI::createSoundInternal             : exinfo->userread           = 00007FFB65F17E40
[LOG] SystemI::createSoundInternal             : exinfo->userseek           = 00007FFB65F17F00
[LOG] SystemI::createSoundInternal             : exinfo->fileuserdata       = 000001CE3CCDA4D8
[LOG] SystemI::createSoundInternal             : exinfo->initialseekpostype = 1
[LOG] SystemI::DSPCodecPoolRegister            : register codec pool for pool type 5
[LOG] SystemI::createSoundInternal             : Sample 0/1: name='LeverAction_1p_02', format=5, channels=2, frequency=48000, lengthbytes=16576, lengthpcm=55794, pcmblocksize=0, loopstart=0, loopend=0, mode=0x00000000, channelmask=0x00000000, channelorder=0, peakvolume=0.999969.
[LOG] SystemI::createSoundInternal             : Create name='', mode=0x02000202
[LOG] SystemI::createSoundInternal             : exinfo->cbsize             = 224
[LOG] SystemI::createSoundInternal             : exinfo->length             = 3311200
[LOG] SystemI::createSoundInternal             : exinfo->fileoffset         = 27360
[LOG] SystemI::createSoundInternal             : exinfo->numsubsounds       = 1
[LOG] SystemI::createSoundInternal             : exinfo->inclusionlist      = 000000AADB91F138
[LOG] SystemI::createSoundInternal             : exinfo->inclusionlistnum   = 1
[LOG] SystemI::createSoundInternal             : exinfo->suggestedsoundtype = 5
[LOG] SystemI::createSoundInternal             : exinfo->useropen           = 00007FFB65F17D70
[LOG] SystemI::createSoundInternal             : exinfo->userclose          = 00007FFB65F17D40
[LOG] SystemI::createSoundInternal             : exinfo->userread           = 00007FFB65F17E40
[LOG] SystemI::createSoundInternal             : exinfo->userseek           = 00007FFB65F17F00
[LOG] SystemI::createSoundInternal             : exinfo->fileuserdata       = 000001CE3CCDA4D8
[LOG] SystemI::createSoundInternal             : exinfo->initialseekpostype = 1
[LOG] SystemI::DSPCodecPoolRegister            : register codec pool for pool type 5
[LOG] SystemI::createSoundInternal             : Sample 0/1: name='CompactOne_1p_01 - Trimmed', format=5, channels=2, frequency=48000, lengthbytes=11008, lengthpcm=37189, pcmblocksize=0, loopstart=0, loopend=0, mode=0x00000000, channelmask=0x00000000, channelorder=0, peakvolume=0.999969.
[LOG] SystemI::createSoundInternal             : Create name='', mode=0x02000202
[LOG] SystemI::createSoundInternal             : exinfo->cbsize             = 224
[LOG] SystemI::createSoundInternal             : exinfo->length             = 1472
[LOG] SystemI::createSoundInternal             : exinfo->fileoffset         = 1824
[LOG] SystemI::createSoundInternal             : exinfo->numsubsounds       = 1
[LOG] SystemI::createSoundInternal             : exinfo->inclusionlist      = 000000AADB91F138
[LOG] SystemI::createSoundInternal             : exinfo->inclusionlistnum   = 1
[LOG] SystemI::createSoundInternal             : exinfo->suggestedsoundtype = 5
[LOG] SystemI::createSoundInternal             : exinfo->useropen           = 00007FFB65F17D70
[LOG] SystemI::createSoundInternal             : exinfo->userclose          = 00007FFB65F17D40
[LOG] SystemI::createSoundInternal             : exinfo->userread           = 00007FFB65F17E40
[LOG] SystemI::createSoundInternal             : exinfo->userseek           = 00007FFB65F17F00
[LOG] SystemI::createSoundInternal             : exinfo->fileuserdata       = 000001CE3CCDA4D8
[LOG] SystemI::createSoundInternal             : exinfo->initialseekpostype = 1
[LOG] SystemI::DSPCodecPoolRegister            : register codec pool for pool type 5
[LOG] SystemI::createSoundInternal             : Sample 0/1: name='hitsound', format=5, channels=1, frequency=48000, lengthbytes=1344, lengthpcm=6613, pcmblocksize=0, loopstart=0, loopend=0, mode=0x00000000, channelmask=0x00000000, channelorder=0, peakvolume=0.999969.
[LOG] SoundI::release                          : Remember the Souls (000001CE3CD4C058)
[LOG] SoundI::release                          :     Remember the Souls (000001CDADB68C48)
[LOG] SoundI::release                          :     Remember the Souls (000001CE3CD49CE8)
[LOG] SoundI::release                          :  (000001CDB08B6168)
[LOG] SoundI::release                          :     CompactOne_1p_01 - Trimmed (000001CE62ACC268)
[LOG] SoundI::release                          :  (000001CDB08B1DD8)
[LOG] SoundI::release                          :     LeverAction_1p_02 (000001CE62ACC0C8)
[LOG] SoundI::release                          :  (000001CDB08B1538)
[LOG] SoundI::release                          :     JackHammer_1p_01 (000001CE62ACBD88)
[LOG] SoundI::release                          :  (000001CDB08B4788)
[LOG] SoundI::release                          :     Ejector_1p_single (000001CE62ACB3C8)
[LOG] SoundI::release                          :  (000001CDB08B0288)
[LOG] SoundI::release                          :     Footsteps2 (000001CE62ACB088)
[LOG] SoundI::release                          :  (000001CDB08ABC18)
[LOG] SoundI::release                          :     Footsteps3 (000001CE62ACB568)
[LOG] SoundI::release                          :  (000001CDB08AFE38)
[LOG] SoundI::release                          :     Footsteps4 (000001CE62ACB708)
[LOG] SoundI::release                          :  (000001CDB08AB098)
[LOG] SoundI::release                          :     Footsteps5 (000001CE62ACBBE8)
[LOG] SoundI::release                          :  (000001CDB08AE2E8)
[LOG] SoundI::release                          :     Footsteps6 (000001CE62ACBA48)
[LOG] SoundI::release                          :  (000001CDB08AF598)
[LOG] SoundI::release                          :     Footsteps7 (000001CE62ACCC28)
[LOG] SoundI::release                          :  (000001CDB08AC908)
[LOG] SoundI::release                          :     Footsteps8 (000001CE62ACCDC8)
[LOG] SoundI::release                          :  (000001CDB08AFCC8)
[LOG] SoundI::release                          :     Footsteps9 (000001CE62ACC408)
[LOG] SoundI::release                          :  (000001CDB08AFFA8)
[LOG] SoundI::release                          :     Footsteps (000001CE62ACC5A8)
[LOG] SoundI::release                          :  (000001CDB08ABD88)
[LOG] SoundI::release                          :     Footsteps1 (000001CE62ACBF28)
[LOG] SoundI::release                          :  (000001CDB08B62D8)
[LOG] SoundI::release                          :     hitsound (000001CE62ACC748)
[LOG] Thread::callback                         : FMOD Studio update thread finished.
[LOG] Thread::callback                         : FMOD Studio bank load thread finished.
[LOG] Profile::disconnectAll                   : Profiler disconnecting all clients
[LOG] Thread::callback                         : FMOD Studio sample load thread finished.
[LOG] LiveUpdate::release                      : 
[LOG] LiveUpdate::reset                        : Reset connection (reason Disconnected)
[LOG] Thread::callback                         : FMOD stream thread finished.
[LOG] Thread::callback                         : FMOD mixer thread finished.
[LOG] Profile::disconnectAll                   : Profiler disconnecting all clients
[LOG] SystemI::close                           : Closed.
